<?xml version="1.0" encoding="UTF-8"?>
<testsuite name="Testing uTest" tests="1" skipped="0" failures="1" errors="0" timestamp="2021-07-26T18:49:48" hostname="DESKTOP-ODNVN05" time="103.494">
  <properties/>
  <testcase name="sign up to utest.com" classname="Testing uTest" time="103.494">
    <failure message="java.lang.AssertionError: Expected answer&#10;Expected: is &lt;true&gt;&#10;     but: was &lt;false&gt;" type="java.lang.AssertionError">java.lang.AssertionError: Expected answer
Expected: is &lt;true&gt;
     but: was &lt;false&gt;
	at net.serenitybdd.screenplay.ErrorTally.throwSummaryExceptionFrom(ErrorTally.java:36)
	at net.serenitybdd.screenplay.ErrorTally.reportAnyErrors(ErrorTally.java:30)
	at net.serenitybdd.screenplay.Actor.should(Actor.java:301)
	at co.com.choucair.retotecnico.stepdefinitions.UTestStepDefinitions.theRegisterIsComplete(UTestStepDefinitions.java:61)
	at ✽.the register is complete(src/test/resources/features/uTest.feature:12)
</failure>
  </testcase>
  <system-out><![CDATA[]]></system-out>
  <system-err><![CDATA[[Test worker] WARN net.thucydides.core.steps.BaseStepListener - stepStarted: net.thucydides.core.steps.ExecutedStepDescription@1096668e
[Test worker] WARN net.thucydides.core.steps.BaseStepListener - stepStarted: net.thucydides.core.steps.ExecutedStepDescription@68fc63c7
[Test worker] WARN net.thucydides.core.steps.BaseStepListener - stepStarted: net.thucydides.core.steps.ExecutedStepDescription@491c68eb
Jul 26, 2021 1:49:48 PM org.openqa.selenium.remote.DesiredCapabilities chrome
INFO: Using `new ChromeOptions()` is preferred to `DesiredCapabilities.chrome()`
[Test worker] INFO net.serenitybdd.core.webdriver.driverproviders.ProvideNewDriver - Instantiating driver
[Test worker] INFO net.serenitybdd.core.webdriver.driverproviders.ProvideNewDriver - Driver capabilities: Capabilities {acceptInsecureCerts: false, browserName: chrome, chrome.switches: --start-maximized, goog:chromeOptions: {args: [--start-maximized], extensions: []}, loggingPrefs: org.openqa.selenium.logging..., platform: ANY, version: }
Starting ChromeDriver 92.0.4515.43 (8c61b7e2989f2990d42f859cac71319137787cce-refs/branch-heads/4515@{#306}) on port 8216
Only local connections are allowed.
Please see https://chromedriver.chromium.org/security-considerations for suggestions on keeping ChromeDriver safe.
ChromeDriver was started successfully.
Jul 26, 2021 1:49:50 PM org.openqa.selenium.remote.ProtocolHandshake createSession
INFO: Detected dialect: W3C
[Test worker] WARN net.thucydides.core.steps.BaseStepListener - stepFinished: current outcome:sign up to utest.com:Example: {strFistName=Andres, strLastName=Hernandez, strEmailAddress=andrestest4@gmail.com, strBirthMonth=May, strBirthDay=10, strBirthYear=1998, strUserLanguage=Spanish, strCity=Bogota, strZipPostalCode=507001, strCountry=Colombia, strComputerOs=Windows, strOsVersion=10, strComputerLanguage=Spanish, strMobileDevice=Motorola, strModel=One Fusion, strMobileOs=Android 10, strPassword=ConTrasena.J1} [Given that julian wants to sign up to utest [Julian open up [Julian opens the Utest page]]]
[Test worker] WARN net.thucydides.core.steps.BaseStepListener - stepFinished: current outcome:sign up to utest.com:Example: {strFistName=Andres, strLastName=Hernandez, strEmailAddress=andrestest4@gmail.com, strBirthMonth=May, strBirthDay=10, strBirthYear=1998, strUserLanguage=Spanish, strCity=Bogota, strZipPostalCode=507001, strCountry=Colombia, strComputerOs=Windows, strOsVersion=10, strComputerLanguage=Spanish, strMobileDevice=Motorola, strModel=One Fusion, strMobileOs=Android 10, strPassword=ConTrasena.J1} [Given that julian wants to sign up to utest [Julian open up [Julian opens the Utest page]]]
[Test worker] WARN net.thucydides.core.steps.BaseStepListener - stepFinished: current outcome:sign up to utest.com:Example: {strFistName=Andres, strLastName=Hernandez, strEmailAddress=andrestest4@gmail.com, strBirthMonth=May, strBirthDay=10, strBirthYear=1998, strUserLanguage=Spanish, strCity=Bogota, strZipPostalCode=507001, strCountry=Colombia, strComputerOs=Windows, strOsVersion=10, strComputerLanguage=Spanish, strMobileDevice=Motorola, strModel=One Fusion, strMobileOs=Android 10, strPassword=ConTrasena.J1} [Given that julian wants to sign up to utest [Julian open up [Julian opens the Utest page]]]
[Test worker] WARN net.thucydides.core.steps.BaseStepListener - stepStarted: net.thucydides.core.steps.ExecutedStepDescription@6656b097
[Test worker] WARN net.thucydides.core.steps.BaseStepListener - stepStarted: net.thucydides.core.steps.ExecutedStepDescription@49691580
[Test worker] WARN net.thucydides.core.steps.BaseStepListener - stepStarted: net.thucydides.core.steps.ExecutedStepDescription@72977ef9
[Test worker] WARN net.thucydides.core.steps.BaseStepListener - stepFinished: current outcome:sign up to utest.com:Example: {strFistName=Andres, strLastName=Hernandez, strEmailAddress=andrestest4@gmail.com, strBirthMonth=May, strBirthDay=10, strBirthYear=1998, strUserLanguage=Spanish, strCity=Bogota, strZipPostalCode=507001, strCountry=Colombia, strComputerOs=Windows, strOsVersion=10, strComputerLanguage=Spanish, strMobileDevice=Motorola, strModel=One Fusion, strMobileOs=Android 10, strPassword=ConTrasena.J1} [Given that julian wants to sign up to utest [Julian open up [Julian opens the Utest page]], When he clicks on the join today button [Julian click on [Julian clicks on button that takes us to the sign up page]]]
[Test worker] WARN net.thucydides.core.steps.BaseStepListener - stepFinished: current outcome:sign up to utest.com:Example: {strFistName=Andres, strLastName=Hernandez, strEmailAddress=andrestest4@gmail.com, strBirthMonth=May, strBirthDay=10, strBirthYear=1998, strUserLanguage=Spanish, strCity=Bogota, strZipPostalCode=507001, strCountry=Colombia, strComputerOs=Windows, strOsVersion=10, strComputerLanguage=Spanish, strMobileDevice=Motorola, strModel=One Fusion, strMobileOs=Android 10, strPassword=ConTrasena.J1} [Given that julian wants to sign up to utest [Julian open up [Julian opens the Utest page]], When he clicks on the join today button [Julian click on [Julian clicks on button that takes us to the sign up page]]]
[Test worker] WARN net.thucydides.core.steps.BaseStepListener - stepFinished: current outcome:sign up to utest.com:Example: {strFistName=Andres, strLastName=Hernandez, strEmailAddress=andrestest4@gmail.com, strBirthMonth=May, strBirthDay=10, strBirthYear=1998, strUserLanguage=Spanish, strCity=Bogota, strZipPostalCode=507001, strCountry=Colombia, strComputerOs=Windows, strOsVersion=10, strComputerLanguage=Spanish, strMobileDevice=Motorola, strModel=One Fusion, strMobileOs=Android 10, strPassword=ConTrasena.J1} [Given that julian wants to sign up to utest [Julian open up [Julian opens the Utest page]], When he clicks on the join today button [Julian click on [Julian clicks on button that takes us to the sign up page]]]
[Test worker] WARN net.thucydides.core.steps.BaseStepListener - stepStarted: net.thucydides.core.steps.ExecutedStepDescription@3677a102
[Test worker] WARN net.thucydides.core.steps.BaseStepListener - stepStarted: net.thucydides.core.steps.ExecutedStepDescription@4a24ecea
[Test worker] WARN net.thucydides.core.steps.BaseStepListener - stepStarted: net.thucydides.core.steps.ExecutedStepDescription@7dfd9d8b
[Test worker] WARN net.thucydides.core.steps.BaseStepListener - stepFinished: current outcome:sign up to utest.com:Example: {strFistName=Andres, strLastName=Hernandez, strEmailAddress=andrestest4@gmail.com, strBirthMonth=May, strBirthDay=10, strBirthYear=1998, strUserLanguage=Spanish, strCity=Bogota, strZipPostalCode=507001, strCountry=Colombia, strComputerOs=Windows, strOsVersion=10, strComputerLanguage=Spanish, strMobileDevice=Motorola, strModel=One Fusion, strMobileOs=Android 10, strPassword=ConTrasena.J1} [Given that julian wants to sign up to utest [Julian open up [Julian opens the Utest page]], When he clicks on the join today button [Julian click on [Julian clicks on button that takes us to the sign up page]], And he introduces his personal data
| strFistName | strLastName | strEmailAddress | strBirthMonth | strBirthDay | strBirthYear | strUserLanguage | strCity | strZipPostalCode | strCountry | strComputerOs | strOsVersion | strComputerLanguage | strMobileDevice | strModel | strMobileOs | strPassword |
| Andres | Hernandez | andrestest4@gmail.com | May | 10 | 1998 | Spanish | Bogota | 507001 | Colombia | Windows | 10 | Spanish | Motorola | One Fusion | Android 10 | ConTrasena.J1 | [Julian fill [Julian enters 'Andres' into field that contains the first name]]]
[Test worker] WARN net.thucydides.core.steps.BaseStepListener - stepStarted: net.thucydides.core.steps.ExecutedStepDescription@23aea5ee
[Test worker] WARN net.thucydides.core.steps.BaseStepListener - stepFinished: current outcome:sign up to utest.com:Example: {strFistName=Andres, strLastName=Hernandez, strEmailAddress=andrestest4@gmail.com, strBirthMonth=May, strBirthDay=10, strBirthYear=1998, strUserLanguage=Spanish, strCity=Bogota, strZipPostalCode=507001, strCountry=Colombia, strComputerOs=Windows, strOsVersion=10, strComputerLanguage=Spanish, strMobileDevice=Motorola, strModel=One Fusion, strMobileOs=Android 10, strPassword=ConTrasena.J1} [Given that julian wants to sign up to utest [Julian open up [Julian opens the Utest page]], When he clicks on the join today button [Julian click on [Julian clicks on button that takes us to the sign up page]], And he introduces his personal data
| strFistName | strLastName | strEmailAddress | strBirthMonth | strBirthDay | strBirthYear | strUserLanguage | strCity | strZipPostalCode | strCountry | strComputerOs | strOsVersion | strComputerLanguage | strMobileDevice | strModel | strMobileOs | strPassword |
| Andres | Hernandez | andrestest4@gmail.com | May | 10 | 1998 | Spanish | Bogota | 507001 | Colombia | Windows | 10 | Spanish | Motorola | One Fusion | Android 10 | ConTrasena.J1 | [Julian fill [Julian enters 'Andres' into field that contains the first name, Julian enters 'Hernandez' into field that contains the last name]]]
[Test worker] WARN net.thucydides.core.steps.BaseStepListener - stepStarted: net.thucydides.core.steps.ExecutedStepDescription@530d97d6
[Test worker] WARN net.thucydides.core.steps.BaseStepListener - stepFinished: current outcome:sign up to utest.com:Example: {strFistName=Andres, strLastName=Hernandez, strEmailAddress=andrestest4@gmail.com, strBirthMonth=May, strBirthDay=10, strBirthYear=1998, strUserLanguage=Spanish, strCity=Bogota, strZipPostalCode=507001, strCountry=Colombia, strComputerOs=Windows, strOsVersion=10, strComputerLanguage=Spanish, strMobileDevice=Motorola, strModel=One Fusion, strMobileOs=Android 10, strPassword=ConTrasena.J1} [Given that julian wants to sign up to utest [Julian open up [Julian opens the Utest page]], When he clicks on the join today button [Julian click on [Julian clicks on button that takes us to the sign up page]], And he introduces his personal data
| strFistName | strLastName | strEmailAddress | strBirthMonth | strBirthDay | strBirthYear | strUserLanguage | strCity | strZipPostalCode | strCountry | strComputerOs | strOsVersion | strComputerLanguage | strMobileDevice | strModel | strMobileOs | strPassword |
| Andres | Hernandez | andrestest4@gmail.com | May | 10 | 1998 | Spanish | Bogota | 507001 | Colombia | Windows | 10 | Spanish | Motorola | One Fusion | Android 10 | ConTrasena.J1 | [Julian fill [Julian enters 'Andres' into field that contains the first name, Julian enters 'Hernandez' into field that contains the last name, Julian enters 'andrestest4@gmail.com' into field that contains the email]]]
[Test worker] WARN net.thucydides.core.steps.BaseStepListener - stepStarted: net.thucydides.core.steps.ExecutedStepDescription@66604a45
[Test worker] WARN net.thucydides.core.steps.BaseStepListener - stepFinished: current outcome:sign up to utest.com:Example: {strFistName=Andres, strLastName=Hernandez, strEmailAddress=andrestest4@gmail.com, strBirthMonth=May, strBirthDay=10, strBirthYear=1998, strUserLanguage=Spanish, strCity=Bogota, strZipPostalCode=507001, strCountry=Colombia, strComputerOs=Windows, strOsVersion=10, strComputerLanguage=Spanish, strMobileDevice=Motorola, strModel=One Fusion, strMobileOs=Android 10, strPassword=ConTrasena.J1} [Given that julian wants to sign up to utest [Julian open up [Julian opens the Utest page]], When he clicks on the join today button [Julian click on [Julian clicks on button that takes us to the sign up page]], And he introduces his personal data
| strFistName | strLastName | strEmailAddress | strBirthMonth | strBirthDay | strBirthYear | strUserLanguage | strCity | strZipPostalCode | strCountry | strComputerOs | strOsVersion | strComputerLanguage | strMobileDevice | strModel | strMobileOs | strPassword |
| Andres | Hernandez | andrestest4@gmail.com | May | 10 | 1998 | Spanish | Bogota | 507001 | Colombia | Windows | 10 | Spanish | Motorola | One Fusion | Android 10 | ConTrasena.J1 | [Julian fill [Julian enters 'Andres' into field that contains the first name, Julian enters 'Hernandez' into field that contains the last name, Julian enters 'andrestest4@gmail.com' into field that contains the email, Julian select May on field to select the birth month]]]
[Test worker] WARN net.thucydides.core.steps.BaseStepListener - stepStarted: net.thucydides.core.steps.ExecutedStepDescription@44d0ad51
[Test worker] WARN net.thucydides.core.steps.BaseStepListener - stepFinished: current outcome:sign up to utest.com:Example: {strFistName=Andres, strLastName=Hernandez, strEmailAddress=andrestest4@gmail.com, strBirthMonth=May, strBirthDay=10, strBirthYear=1998, strUserLanguage=Spanish, strCity=Bogota, strZipPostalCode=507001, strCountry=Colombia, strComputerOs=Windows, strOsVersion=10, strComputerLanguage=Spanish, strMobileDevice=Motorola, strModel=One Fusion, strMobileOs=Android 10, strPassword=ConTrasena.J1} [Given that julian wants to sign up to utest [Julian open up [Julian opens the Utest page]], When he clicks on the join today button [Julian click on [Julian clicks on button that takes us to the sign up page]], And he introduces his personal data
| strFistName | strLastName | strEmailAddress | strBirthMonth | strBirthDay | strBirthYear | strUserLanguage | strCity | strZipPostalCode | strCountry | strComputerOs | strOsVersion | strComputerLanguage | strMobileDevice | strModel | strMobileOs | strPassword |
| Andres | Hernandez | andrestest4@gmail.com | May | 10 | 1998 | Spanish | Bogota | 507001 | Colombia | Windows | 10 | Spanish | Motorola | One Fusion | Android 10 | ConTrasena.J1 | [Julian fill [Julian enters 'Andres' into field that contains the first name, Julian enters 'Hernandez' into field that contains the last name, Julian enters 'andrestest4@gmail.com' into field that contains the email, Julian select May on field to select the birth month, Julian select 10 on field to select the birth day]]]
[Test worker] WARN net.thucydides.core.steps.BaseStepListener - stepStarted: net.thucydides.core.steps.ExecutedStepDescription@4760c288
[Test worker] WARN net.thucydides.core.steps.BaseStepListener - stepFinished: current outcome:sign up to utest.com:Example: {strFistName=Andres, strLastName=Hernandez, strEmailAddress=andrestest4@gmail.com, strBirthMonth=May, strBirthDay=10, strBirthYear=1998, strUserLanguage=Spanish, strCity=Bogota, strZipPostalCode=507001, strCountry=Colombia, strComputerOs=Windows, strOsVersion=10, strComputerLanguage=Spanish, strMobileDevice=Motorola, strModel=One Fusion, strMobileOs=Android 10, strPassword=ConTrasena.J1} [Given that julian wants to sign up to utest [Julian open up [Julian opens the Utest page]], When he clicks on the join today button [Julian click on [Julian clicks on button that takes us to the sign up page]], And he introduces his personal data
| strFistName | strLastName | strEmailAddress | strBirthMonth | strBirthDay | strBirthYear | strUserLanguage | strCity | strZipPostalCode | strCountry | strComputerOs | strOsVersion | strComputerLanguage | strMobileDevice | strModel | strMobileOs | strPassword |
| Andres | Hernandez | andrestest4@gmail.com | May | 10 | 1998 | Spanish | Bogota | 507001 | Colombia | Windows | 10 | Spanish | Motorola | One Fusion | Android 10 | ConTrasena.J1 | [Julian fill [Julian enters 'Andres' into field that contains the first name, Julian enters 'Hernandez' into field that contains the last name, Julian enters 'andrestest4@gmail.com' into field that contains the email, Julian select May on field to select the birth month, Julian select 10 on field to select the birth day, Julian select 1998 on field to select the birth year]]]
[Test worker] WARN net.thucydides.core.steps.BaseStepListener - stepStarted: net.thucydides.core.steps.ExecutedStepDescription@3e6490d1
[Test worker] WARN net.thucydides.core.steps.BaseStepListener - stepFinished: current outcome:sign up to utest.com:Example: {strFistName=Andres, strLastName=Hernandez, strEmailAddress=andrestest4@gmail.com, strBirthMonth=May, strBirthDay=10, strBirthYear=1998, strUserLanguage=Spanish, strCity=Bogota, strZipPostalCode=507001, strCountry=Colombia, strComputerOs=Windows, strOsVersion=10, strComputerLanguage=Spanish, strMobileDevice=Motorola, strModel=One Fusion, strMobileOs=Android 10, strPassword=ConTrasena.J1} [Given that julian wants to sign up to utest [Julian open up [Julian opens the Utest page]], When he clicks on the join today button [Julian click on [Julian clicks on button that takes us to the sign up page]], And he introduces his personal data
| strFistName | strLastName | strEmailAddress | strBirthMonth | strBirthDay | strBirthYear | strUserLanguage | strCity | strZipPostalCode | strCountry | strComputerOs | strOsVersion | strComputerLanguage | strMobileDevice | strModel | strMobileOs | strPassword |
| Andres | Hernandez | andrestest4@gmail.com | May | 10 | 1998 | Spanish | Bogota | 507001 | Colombia | Windows | 10 | Spanish | Motorola | One Fusion | Android 10 | ConTrasena.J1 | [Julian fill [Julian enters 'Andres' into field that contains the first name, Julian enters 'Hernandez' into field that contains the last name, Julian enters 'andrestest4@gmail.com' into field that contains the email, Julian select May on field to select the birth month, Julian select 10 on field to select the birth day, Julian select 1998 on field to select the birth year, Julian clicks on field to select the language]]]
[Test worker] WARN net.thucydides.core.steps.BaseStepListener - stepStarted: net.thucydides.core.steps.ExecutedStepDescription@3d6429fe
[Test worker] WARN net.thucydides.core.steps.BaseStepListener - stepFinished: current outcome:sign up to utest.com:Example: {strFistName=Andres, strLastName=Hernandez, strEmailAddress=andrestest4@gmail.com, strBirthMonth=May, strBirthDay=10, strBirthYear=1998, strUserLanguage=Spanish, strCity=Bogota, strZipPostalCode=507001, strCountry=Colombia, strComputerOs=Windows, strOsVersion=10, strComputerLanguage=Spanish, strMobileDevice=Motorola, strModel=One Fusion, strMobileOs=Android 10, strPassword=ConTrasena.J1} [Given that julian wants to sign up to utest [Julian open up [Julian opens the Utest page]], When he clicks on the join today button [Julian click on [Julian clicks on button that takes us to the sign up page]], And he introduces his personal data
| strFistName | strLastName | strEmailAddress | strBirthMonth | strBirthDay | strBirthYear | strUserLanguage | strCity | strZipPostalCode | strCountry | strComputerOs | strOsVersion | strComputerLanguage | strMobileDevice | strModel | strMobileOs | strPassword |
| Andres | Hernandez | andrestest4@gmail.com | May | 10 | 1998 | Spanish | Bogota | 507001 | Colombia | Windows | 10 | Spanish | Motorola | One Fusion | Android 10 | ConTrasena.J1 | [Julian fill [Julian enters 'Andres' into field that contains the first name, Julian enters 'Hernandez' into field that contains the last name, Julian enters 'andrestest4@gmail.com' into field that contains the email, Julian select May on field to select the birth month, Julian select 10 on field to select the birth day, Julian select 1998 on field to select the birth year, Julian clicks on field to select the language, Julian enters 'Spanish' into field to select the language]]]
[Test worker] WARN net.thucydides.core.steps.BaseStepListener - stepStarted: net.thucydides.core.steps.ExecutedStepDescription@6a57d2de
[Test worker] WARN net.thucydides.core.steps.BaseStepListener - stepFinished: current outcome:sign up to utest.com:Example: {strFistName=Andres, strLastName=Hernandez, strEmailAddress=andrestest4@gmail.com, strBirthMonth=May, strBirthDay=10, strBirthYear=1998, strUserLanguage=Spanish, strCity=Bogota, strZipPostalCode=507001, strCountry=Colombia, strComputerOs=Windows, strOsVersion=10, strComputerLanguage=Spanish, strMobileDevice=Motorola, strModel=One Fusion, strMobileOs=Android 10, strPassword=ConTrasena.J1} [Given that julian wants to sign up to utest [Julian open up [Julian opens the Utest page]], When he clicks on the join today button [Julian click on [Julian clicks on button that takes us to the sign up page]], And he introduces his personal data
| strFistName | strLastName | strEmailAddress | strBirthMonth | strBirthDay | strBirthYear | strUserLanguage | strCity | strZipPostalCode | strCountry | strComputerOs | strOsVersion | strComputerLanguage | strMobileDevice | strModel | strMobileOs | strPassword |
| Andres | Hernandez | andrestest4@gmail.com | May | 10 | 1998 | Spanish | Bogota | 507001 | Colombia | Windows | 10 | Spanish | Motorola | One Fusion | Android 10 | ConTrasena.J1 | [Julian fill [Julian enters 'Andres' into field that contains the first name, Julian enters 'Hernandez' into field that contains the last name, Julian enters 'andrestest4@gmail.com' into field that contains the email, Julian select May on field to select the birth month, Julian select 10 on field to select the birth day, Julian select 1998 on field to select the birth year, Julian clicks on field to select the language, Julian enters 'Spanish' into field to select the language, Julian types 'ENTER' in field to select the language]]]
[Test worker] WARN net.thucydides.core.steps.BaseStepListener - stepStarted: net.thucydides.core.steps.ExecutedStepDescription@767e9f8c
[Test worker] WARN net.thucydides.core.steps.BaseStepListener - stepFinished: current outcome:sign up to utest.com:Example: {strFistName=Andres, strLastName=Hernandez, strEmailAddress=andrestest4@gmail.com, strBirthMonth=May, strBirthDay=10, strBirthYear=1998, strUserLanguage=Spanish, strCity=Bogota, strZipPostalCode=507001, strCountry=Colombia, strComputerOs=Windows, strOsVersion=10, strComputerLanguage=Spanish, strMobileDevice=Motorola, strModel=One Fusion, strMobileOs=Android 10, strPassword=ConTrasena.J1} [Given that julian wants to sign up to utest [Julian open up [Julian opens the Utest page]], When he clicks on the join today button [Julian click on [Julian clicks on button that takes us to the sign up page]], And he introduces his personal data
| strFistName | strLastName | strEmailAddress | strBirthMonth | strBirthDay | strBirthYear | strUserLanguage | strCity | strZipPostalCode | strCountry | strComputerOs | strOsVersion | strComputerLanguage | strMobileDevice | strModel | strMobileOs | strPassword |
| Andres | Hernandez | andrestest4@gmail.com | May | 10 | 1998 | Spanish | Bogota | 507001 | Colombia | Windows | 10 | Spanish | Motorola | One Fusion | Android 10 | ConTrasena.J1 | [Julian fill [Julian enters 'Andres' into field that contains the first name, Julian enters 'Hernandez' into field that contains the last name, Julian enters 'andrestest4@gmail.com' into field that contains the email, Julian select May on field to select the birth month, Julian select 10 on field to select the birth day, Julian select 1998 on field to select the birth year, Julian clicks on field to select the language, Julian enters 'Spanish' into field to select the language, Julian types 'ENTER' in field to select the language, Julian clicks on button that send us to the next page]]]
[Test worker] WARN net.thucydides.core.steps.BaseStepListener - stepStarted: net.thucydides.core.steps.ExecutedStepDescription@4e036b7
[Test worker] WARN net.thucydides.core.steps.BaseStepListener - stepFinished: current outcome:sign up to utest.com:Example: {strFistName=Andres, strLastName=Hernandez, strEmailAddress=andrestest4@gmail.com, strBirthMonth=May, strBirthDay=10, strBirthYear=1998, strUserLanguage=Spanish, strCity=Bogota, strZipPostalCode=507001, strCountry=Colombia, strComputerOs=Windows, strOsVersion=10, strComputerLanguage=Spanish, strMobileDevice=Motorola, strModel=One Fusion, strMobileOs=Android 10, strPassword=ConTrasena.J1} [Given that julian wants to sign up to utest [Julian open up [Julian opens the Utest page]], When he clicks on the join today button [Julian click on [Julian clicks on button that takes us to the sign up page]], And he introduces his personal data
| strFistName | strLastName | strEmailAddress | strBirthMonth | strBirthDay | strBirthYear | strUserLanguage | strCity | strZipPostalCode | strCountry | strComputerOs | strOsVersion | strComputerLanguage | strMobileDevice | strModel | strMobileOs | strPassword |
| Andres | Hernandez | andrestest4@gmail.com | May | 10 | 1998 | Spanish | Bogota | 507001 | Colombia | Windows | 10 | Spanish | Motorola | One Fusion | Android 10 | ConTrasena.J1 | [Julian fill [Julian enters 'Andres' into field that contains the first name, Julian enters 'Hernandez' into field that contains the last name, Julian enters 'andrestest4@gmail.com' into field that contains the email, Julian select May on field to select the birth month, Julian select 10 on field to select the birth day, Julian select 1998 on field to select the birth year, Julian clicks on field to select the language, Julian enters 'Spanish' into field to select the language, Julian types 'ENTER' in field to select the language, Julian clicks on button that send us to the next page, Julian enters 'Bogota' into field that contains the city]]]
[Test worker] WARN net.thucydides.core.steps.BaseStepListener - stepStarted: net.thucydides.core.steps.ExecutedStepDescription@14ebcb5e
[Test worker] WARN net.thucydides.core.steps.BaseStepListener - stepFinished: current outcome:sign up to utest.com:Example: {strFistName=Andres, strLastName=Hernandez, strEmailAddress=andrestest4@gmail.com, strBirthMonth=May, strBirthDay=10, strBirthYear=1998, strUserLanguage=Spanish, strCity=Bogota, strZipPostalCode=507001, strCountry=Colombia, strComputerOs=Windows, strOsVersion=10, strComputerLanguage=Spanish, strMobileDevice=Motorola, strModel=One Fusion, strMobileOs=Android 10, strPassword=ConTrasena.J1} [Given that julian wants to sign up to utest [Julian open up [Julian opens the Utest page]], When he clicks on the join today button [Julian click on [Julian clicks on button that takes us to the sign up page]], And he introduces his personal data
| strFistName | strLastName | strEmailAddress | strBirthMonth | strBirthDay | strBirthYear | strUserLanguage | strCity | strZipPostalCode | strCountry | strComputerOs | strOsVersion | strComputerLanguage | strMobileDevice | strModel | strMobileOs | strPassword |
| Andres | Hernandez | andrestest4@gmail.com | May | 10 | 1998 | Spanish | Bogota | 507001 | Colombia | Windows | 10 | Spanish | Motorola | One Fusion | Android 10 | ConTrasena.J1 | [Julian fill [Julian enters 'Andres' into field that contains the first name, Julian enters 'Hernandez' into field that contains the last name, Julian enters 'andrestest4@gmail.com' into field that contains the email, Julian select May on field to select the birth month, Julian select 10 on field to select the birth day, Julian select 1998 on field to select the birth year, Julian clicks on field to select the language, Julian enters 'Spanish' into field to select the language, Julian types 'ENTER' in field to select the language, Julian clicks on button that send us to the next page, Julian enters 'Bogota' into field that contains the city, Julian types 'DOWN' in field that contains the city]]]
[Test worker] WARN net.thucydides.core.steps.BaseStepListener - stepStarted: net.thucydides.core.steps.ExecutedStepDescription@5e1a42a3
[Test worker] WARN net.thucydides.core.steps.BaseStepListener - stepFinished: current outcome:sign up to utest.com:Example: {strFistName=Andres, strLastName=Hernandez, strEmailAddress=andrestest4@gmail.com, strBirthMonth=May, strBirthDay=10, strBirthYear=1998, strUserLanguage=Spanish, strCity=Bogota, strZipPostalCode=507001, strCountry=Colombia, strComputerOs=Windows, strOsVersion=10, strComputerLanguage=Spanish, strMobileDevice=Motorola, strModel=One Fusion, strMobileOs=Android 10, strPassword=ConTrasena.J1} [Given that julian wants to sign up to utest [Julian open up [Julian opens the Utest page]], When he clicks on the join today button [Julian click on [Julian clicks on button that takes us to the sign up page]], And he introduces his personal data
| strFistName | strLastName | strEmailAddress | strBirthMonth | strBirthDay | strBirthYear | strUserLanguage | strCity | strZipPostalCode | strCountry | strComputerOs | strOsVersion | strComputerLanguage | strMobileDevice | strModel | strMobileOs | strPassword |
| Andres | Hernandez | andrestest4@gmail.com | May | 10 | 1998 | Spanish | Bogota | 507001 | Colombia | Windows | 10 | Spanish | Motorola | One Fusion | Android 10 | ConTrasena.J1 | [Julian fill [Julian enters 'Andres' into field that contains the first name, Julian enters 'Hernandez' into field that contains the last name, Julian enters 'andrestest4@gmail.com' into field that contains the email, Julian select May on field to select the birth month, Julian select 10 on field to select the birth day, Julian select 1998 on field to select the birth year, Julian clicks on field to select the language, Julian enters 'Spanish' into field to select the language, Julian types 'ENTER' in field to select the language, Julian clicks on button that send us to the next page, Julian enters 'Bogota' into field that contains the city, Julian types 'DOWN' in field that contains the city, Julian types 'ENTER' in field that contains the city]]]
[Test worker] WARN net.thucydides.core.steps.BaseStepListener - stepStarted: net.thucydides.core.steps.ExecutedStepDescription@4befa6ac
[Test worker] WARN net.thucydides.core.steps.BaseStepListener - stepFinished: current outcome:sign up to utest.com:Example: {strFistName=Andres, strLastName=Hernandez, strEmailAddress=andrestest4@gmail.com, strBirthMonth=May, strBirthDay=10, strBirthYear=1998, strUserLanguage=Spanish, strCity=Bogota, strZipPostalCode=507001, strCountry=Colombia, strComputerOs=Windows, strOsVersion=10, strComputerLanguage=Spanish, strMobileDevice=Motorola, strModel=One Fusion, strMobileOs=Android 10, strPassword=ConTrasena.J1} [Given that julian wants to sign up to utest [Julian open up [Julian opens the Utest page]], When he clicks on the join today button [Julian click on [Julian clicks on button that takes us to the sign up page]], And he introduces his personal data
| strFistName | strLastName | strEmailAddress | strBirthMonth | strBirthDay | strBirthYear | strUserLanguage | strCity | strZipPostalCode | strCountry | strComputerOs | strOsVersion | strComputerLanguage | strMobileDevice | strModel | strMobileOs | strPassword |
| Andres | Hernandez | andrestest4@gmail.com | May | 10 | 1998 | Spanish | Bogota | 507001 | Colombia | Windows | 10 | Spanish | Motorola | One Fusion | Android 10 | ConTrasena.J1 | [Julian fill [Julian enters 'Andres' into field that contains the first name, Julian enters 'Hernandez' into field that contains the last name, Julian enters 'andrestest4@gmail.com' into field that contains the email, Julian select May on field to select the birth month, Julian select 10 on field to select the birth day, Julian select 1998 on field to select the birth year, Julian clicks on field to select the language, Julian enters 'Spanish' into field to select the language, Julian types 'ENTER' in field to select the language, Julian clicks on button that send us to the next page, Julian enters 'Bogota' into field that contains the city, Julian types 'DOWN' in field that contains the city, Julian types 'ENTER' in field that contains the city, Julian enters '507001' into field that contains the postal code]]]
[Test worker] WARN net.thucydides.core.steps.BaseStepListener - stepStarted: net.thucydides.core.steps.ExecutedStepDescription@54353b22
[Test worker] WARN net.thucydides.core.steps.BaseStepListener - stepFinished: current outcome:sign up to utest.com:Example: {strFistName=Andres, strLastName=Hernandez, strEmailAddress=andrestest4@gmail.com, strBirthMonth=May, strBirthDay=10, strBirthYear=1998, strUserLanguage=Spanish, strCity=Bogota, strZipPostalCode=507001, strCountry=Colombia, strComputerOs=Windows, strOsVersion=10, strComputerLanguage=Spanish, strMobileDevice=Motorola, strModel=One Fusion, strMobileOs=Android 10, strPassword=ConTrasena.J1} [Given that julian wants to sign up to utest [Julian open up [Julian opens the Utest page]], When he clicks on the join today button [Julian click on [Julian clicks on button that takes us to the sign up page]], And he introduces his personal data
| strFistName | strLastName | strEmailAddress | strBirthMonth | strBirthDay | strBirthYear | strUserLanguage | strCity | strZipPostalCode | strCountry | strComputerOs | strOsVersion | strComputerLanguage | strMobileDevice | strModel | strMobileOs | strPassword |
| Andres | Hernandez | andrestest4@gmail.com | May | 10 | 1998 | Spanish | Bogota | 507001 | Colombia | Windows | 10 | Spanish | Motorola | One Fusion | Android 10 | ConTrasena.J1 | [Julian fill [Julian enters 'Andres' into field that contains the first name, Julian enters 'Hernandez' into field that contains the last name, Julian enters 'andrestest4@gmail.com' into field that contains the email, Julian select May on field to select the birth month, Julian select 10 on field to select the birth day, Julian select 1998 on field to select the birth year, Julian clicks on field to select the language, Julian enters 'Spanish' into field to select the language, Julian types 'ENTER' in field to select the language, Julian clicks on button that send us to the next page, Julian enters 'Bogota' into field that contains the city, Julian types 'DOWN' in field that contains the city, Julian types 'ENTER' in field that contains the city, Julian enters '507001' into field that contains the postal code, Julian clicks on button that lead us to the devices' page]]]
[Test worker] WARN net.thucydides.core.steps.BaseStepListener - stepStarted: net.thucydides.core.steps.ExecutedStepDescription@46528e69
[Test worker] WARN net.thucydides.core.steps.BaseStepListener - stepFinished: current outcome:sign up to utest.com:Example: {strFistName=Andres, strLastName=Hernandez, strEmailAddress=andrestest4@gmail.com, strBirthMonth=May, strBirthDay=10, strBirthYear=1998, strUserLanguage=Spanish, strCity=Bogota, strZipPostalCode=507001, strCountry=Colombia, strComputerOs=Windows, strOsVersion=10, strComputerLanguage=Spanish, strMobileDevice=Motorola, strModel=One Fusion, strMobileOs=Android 10, strPassword=ConTrasena.J1} [Given that julian wants to sign up to utest [Julian open up [Julian opens the Utest page]], When he clicks on the join today button [Julian click on [Julian clicks on button that takes us to the sign up page]], And he introduces his personal data
| strFistName | strLastName | strEmailAddress | strBirthMonth | strBirthDay | strBirthYear | strUserLanguage | strCity | strZipPostalCode | strCountry | strComputerOs | strOsVersion | strComputerLanguage | strMobileDevice | strModel | strMobileOs | strPassword |
| Andres | Hernandez | andrestest4@gmail.com | May | 10 | 1998 | Spanish | Bogota | 507001 | Colombia | Windows | 10 | Spanish | Motorola | One Fusion | Android 10 | ConTrasena.J1 | [Julian fill [Julian enters 'Andres' into field that contains the first name, Julian enters 'Hernandez' into field that contains the last name, Julian enters 'andrestest4@gmail.com' into field that contains the email, Julian select May on field to select the birth month, Julian select 10 on field to select the birth day, Julian select 1998 on field to select the birth year, Julian clicks on field to select the language, Julian enters 'Spanish' into field to select the language, Julian types 'ENTER' in field to select the language, Julian clicks on button that send us to the next page, Julian enters 'Bogota' into field that contains the city, Julian types 'DOWN' in field that contains the city, Julian types 'ENTER' in field that contains the city, Julian enters '507001' into field that contains the postal code, Julian clicks on button that lead us to the devices' page, Julian clicks on button that removes the completed automatically data from computer section]]]
[Test worker] WARN net.thucydides.core.steps.BaseStepListener - stepStarted: net.thucydides.core.steps.ExecutedStepDescription@4521d7b3
[Test worker] WARN net.thucydides.core.steps.BaseStepListener - stepFinished: current outcome:sign up to utest.com:Example: {strFistName=Andres, strLastName=Hernandez, strEmailAddress=andrestest4@gmail.com, strBirthMonth=May, strBirthDay=10, strBirthYear=1998, strUserLanguage=Spanish, strCity=Bogota, strZipPostalCode=507001, strCountry=Colombia, strComputerOs=Windows, strOsVersion=10, strComputerLanguage=Spanish, strMobileDevice=Motorola, strModel=One Fusion, strMobileOs=Android 10, strPassword=ConTrasena.J1} [Given that julian wants to sign up to utest [Julian open up [Julian opens the Utest page]], When he clicks on the join today button [Julian click on [Julian clicks on button that takes us to the sign up page]], And he introduces his personal data
| strFistName | strLastName | strEmailAddress | strBirthMonth | strBirthDay | strBirthYear | strUserLanguage | strCity | strZipPostalCode | strCountry | strComputerOs | strOsVersion | strComputerLanguage | strMobileDevice | strModel | strMobileOs | strPassword |
| Andres | Hernandez | andrestest4@gmail.com | May | 10 | 1998 | Spanish | Bogota | 507001 | Colombia | Windows | 10 | Spanish | Motorola | One Fusion | Android 10 | ConTrasena.J1 | [Julian fill [Julian enters 'Andres' into field that contains the first name, Julian enters 'Hernandez' into field that contains the last name, Julian enters 'andrestest4@gmail.com' into field that contains the email, Julian select May on field to select the birth month, Julian select 10 on field to select the birth day, Julian select 1998 on field to select the birth year, Julian clicks on field to select the language, Julian enters 'Spanish' into field to select the language, Julian types 'ENTER' in field to select the language, Julian clicks on button that send us to the next page, Julian enters 'Bogota' into field that contains the city, Julian types 'DOWN' in field that contains the city, Julian types 'ENTER' in field that contains the city, Julian enters '507001' into field that contains the postal code, Julian clicks on button that lead us to the devices' page, Julian clicks on button that removes the completed automatically data from computer section, Julian clicks on button that contains the computer]]]
[Test worker] WARN net.thucydides.core.steps.BaseStepListener - stepStarted: net.thucydides.core.steps.ExecutedStepDescription@15aaee40
[Test worker] WARN net.thucydides.core.steps.BaseStepListener - stepFinished: current outcome:sign up to utest.com:Example: {strFistName=Andres, strLastName=Hernandez, strEmailAddress=andrestest4@gmail.com, strBirthMonth=May, strBirthDay=10, strBirthYear=1998, strUserLanguage=Spanish, strCity=Bogota, strZipPostalCode=507001, strCountry=Colombia, strComputerOs=Windows, strOsVersion=10, strComputerLanguage=Spanish, strMobileDevice=Motorola, strModel=One Fusion, strMobileOs=Android 10, strPassword=ConTrasena.J1} [Given that julian wants to sign up to utest [Julian open up [Julian opens the Utest page]], When he clicks on the join today button [Julian click on [Julian clicks on button that takes us to the sign up page]], And he introduces his personal data
| strFistName | strLastName | strEmailAddress | strBirthMonth | strBirthDay | strBirthYear | strUserLanguage | strCity | strZipPostalCode | strCountry | strComputerOs | strOsVersion | strComputerLanguage | strMobileDevice | strModel | strMobileOs | strPassword |
| Andres | Hernandez | andrestest4@gmail.com | May | 10 | 1998 | Spanish | Bogota | 507001 | Colombia | Windows | 10 | Spanish | Motorola | One Fusion | Android 10 | ConTrasena.J1 | [Julian fill [Julian enters 'Andres' into field that contains the first name, Julian enters 'Hernandez' into field that contains the last name, Julian enters 'andrestest4@gmail.com' into field that contains the email, Julian select May on field to select the birth month, Julian select 10 on field to select the birth day, Julian select 1998 on field to select the birth year, Julian clicks on field to select the language, Julian enters 'Spanish' into field to select the language, Julian types 'ENTER' in field to select the language, Julian clicks on button that send us to the next page, Julian enters 'Bogota' into field that contains the city, Julian types 'DOWN' in field that contains the city, Julian types 'ENTER' in field that contains the city, Julian enters '507001' into field that contains the postal code, Julian clicks on button that lead us to the devices' page, Julian clicks on button that removes the completed automatically data from computer section, Julian clicks on button that contains the computer, Julian enters 'Windows' into field that contains the computer]]]
[Test worker] WARN net.thucydides.core.steps.BaseStepListener - stepStarted: net.thucydides.core.steps.ExecutedStepDescription@42cc5978
[Test worker] WARN net.thucydides.core.steps.BaseStepListener - stepFinished: current outcome:sign up to utest.com:Example: {strFistName=Andres, strLastName=Hernandez, strEmailAddress=andrestest4@gmail.com, strBirthMonth=May, strBirthDay=10, strBirthYear=1998, strUserLanguage=Spanish, strCity=Bogota, strZipPostalCode=507001, strCountry=Colombia, strComputerOs=Windows, strOsVersion=10, strComputerLanguage=Spanish, strMobileDevice=Motorola, strModel=One Fusion, strMobileOs=Android 10, strPassword=ConTrasena.J1} [Given that julian wants to sign up to utest [Julian open up [Julian opens the Utest page]], When he clicks on the join today button [Julian click on [Julian clicks on button that takes us to the sign up page]], And he introduces his personal data
| strFistName | strLastName | strEmailAddress | strBirthMonth | strBirthDay | strBirthYear | strUserLanguage | strCity | strZipPostalCode | strCountry | strComputerOs | strOsVersion | strComputerLanguage | strMobileDevice | strModel | strMobileOs | strPassword |
| Andres | Hernandez | andrestest4@gmail.com | May | 10 | 1998 | Spanish | Bogota | 507001 | Colombia | Windows | 10 | Spanish | Motorola | One Fusion | Android 10 | ConTrasena.J1 | [Julian fill [Julian enters 'Andres' into field that contains the first name, Julian enters 'Hernandez' into field that contains the last name, Julian enters 'andrestest4@gmail.com' into field that contains the email, Julian select May on field to select the birth month, Julian select 10 on field to select the birth day, Julian select 1998 on field to select the birth year, Julian clicks on field to select the language, Julian enters 'Spanish' into field to select the language, Julian types 'ENTER' in field to select the language, Julian clicks on button that send us to the next page, Julian enters 'Bogota' into field that contains the city, Julian types 'DOWN' in field that contains the city, Julian types 'ENTER' in field that contains the city, Julian enters '507001' into field that contains the postal code, Julian clicks on button that lead us to the devices' page, Julian clicks on button that removes the completed automatically data from computer section, Julian clicks on button that contains the computer, Julian enters 'Windows' into field that contains the computer, Julian types 'DOWN' in field that contains the computer]]]
[Test worker] WARN net.thucydides.core.steps.BaseStepListener - stepStarted: net.thucydides.core.steps.ExecutedStepDescription@270b43a7
[Test worker] WARN net.thucydides.core.steps.BaseStepListener - stepFinished: current outcome:sign up to utest.com:Example: {strFistName=Andres, strLastName=Hernandez, strEmailAddress=andrestest4@gmail.com, strBirthMonth=May, strBirthDay=10, strBirthYear=1998, strUserLanguage=Spanish, strCity=Bogota, strZipPostalCode=507001, strCountry=Colombia, strComputerOs=Windows, strOsVersion=10, strComputerLanguage=Spanish, strMobileDevice=Motorola, strModel=One Fusion, strMobileOs=Android 10, strPassword=ConTrasena.J1} [Given that julian wants to sign up to utest [Julian open up [Julian opens the Utest page]], When he clicks on the join today button [Julian click on [Julian clicks on button that takes us to the sign up page]], And he introduces his personal data
| strFistName | strLastName | strEmailAddress | strBirthMonth | strBirthDay | strBirthYear | strUserLanguage | strCity | strZipPostalCode | strCountry | strComputerOs | strOsVersion | strComputerLanguage | strMobileDevice | strModel | strMobileOs | strPassword |
| Andres | Hernandez | andrestest4@gmail.com | May | 10 | 1998 | Spanish | Bogota | 507001 | Colombia | Windows | 10 | Spanish | Motorola | One Fusion | Android 10 | ConTrasena.J1 | [Julian fill [Julian enters 'Andres' into field that contains the first name, Julian enters 'Hernandez' into field that contains the last name, Julian enters 'andrestest4@gmail.com' into field that contains the email, Julian select May on field to select the birth month, Julian select 10 on field to select the birth day, Julian select 1998 on field to select the birth year, Julian clicks on field to select the language, Julian enters 'Spanish' into field to select the language, Julian types 'ENTER' in field to select the language, Julian clicks on button that send us to the next page, Julian enters 'Bogota' into field that contains the city, Julian types 'DOWN' in field that contains the city, Julian types 'ENTER' in field that contains the city, Julian enters '507001' into field that contains the postal code, Julian clicks on button that lead us to the devices' page, Julian clicks on button that removes the completed automatically data from computer section, Julian clicks on button that contains the computer, Julian enters 'Windows' into field that contains the computer, Julian types 'DOWN' in field that contains the computer, Julian types 'ENTER' in field that contains the computer]]]
[Test worker] WARN net.thucydides.core.steps.BaseStepListener - stepStarted: net.thucydides.core.steps.ExecutedStepDescription@605c11f6
[Test worker] WARN net.thucydides.core.steps.BaseStepListener - stepFinished: current outcome:sign up to utest.com:Example: {strFistName=Andres, strLastName=Hernandez, strEmailAddress=andrestest4@gmail.com, strBirthMonth=May, strBirthDay=10, strBirthYear=1998, strUserLanguage=Spanish, strCity=Bogota, strZipPostalCode=507001, strCountry=Colombia, strComputerOs=Windows, strOsVersion=10, strComputerLanguage=Spanish, strMobileDevice=Motorola, strModel=One Fusion, strMobileOs=Android 10, strPassword=ConTrasena.J1} [Given that julian wants to sign up to utest [Julian open up [Julian opens the Utest page]], When he clicks on the join today button [Julian click on [Julian clicks on button that takes us to the sign up page]], And he introduces his personal data
| strFistName | strLastName | strEmailAddress | strBirthMonth | strBirthDay | strBirthYear | strUserLanguage | strCity | strZipPostalCode | strCountry | strComputerOs | strOsVersion | strComputerLanguage | strMobileDevice | strModel | strMobileOs | strPassword |
| Andres | Hernandez | andrestest4@gmail.com | May | 10 | 1998 | Spanish | Bogota | 507001 | Colombia | Windows | 10 | Spanish | Motorola | One Fusion | Android 10 | ConTrasena.J1 | [Julian fill [Julian enters 'Andres' into field that contains the first name, Julian enters 'Hernandez' into field that contains the last name, Julian enters 'andrestest4@gmail.com' into field that contains the email, Julian select May on field to select the birth month, Julian select 10 on field to select the birth day, Julian select 1998 on field to select the birth year, Julian clicks on field to select the language, Julian enters 'Spanish' into field to select the language, Julian types 'ENTER' in field to select the language, Julian clicks on button that send us to the next page, Julian enters 'Bogota' into field that contains the city, Julian types 'DOWN' in field that contains the city, Julian types 'ENTER' in field that contains the city, Julian enters '507001' into field that contains the postal code, Julian clicks on button that lead us to the devices' page, Julian clicks on button that removes the completed automatically data from computer section, Julian clicks on button that contains the computer, Julian enters 'Windows' into field that contains the computer, Julian types 'DOWN' in field that contains the computer, Julian types 'ENTER' in field that contains the computer, Julian clicks on button that contains the version]]]
[Test worker] WARN net.thucydides.core.steps.BaseStepListener - stepStarted: net.thucydides.core.steps.ExecutedStepDescription@24fe87aa
[Test worker] WARN net.thucydides.core.steps.BaseStepListener - stepFinished: current outcome:sign up to utest.com:Example: {strFistName=Andres, strLastName=Hernandez, strEmailAddress=andrestest4@gmail.com, strBirthMonth=May, strBirthDay=10, strBirthYear=1998, strUserLanguage=Spanish, strCity=Bogota, strZipPostalCode=507001, strCountry=Colombia, strComputerOs=Windows, strOsVersion=10, strComputerLanguage=Spanish, strMobileDevice=Motorola, strModel=One Fusion, strMobileOs=Android 10, strPassword=ConTrasena.J1} [Given that julian wants to sign up to utest [Julian open up [Julian opens the Utest page]], When he clicks on the join today button [Julian click on [Julian clicks on button that takes us to the sign up page]], And he introduces his personal data
| strFistName | strLastName | strEmailAddress | strBirthMonth | strBirthDay | strBirthYear | strUserLanguage | strCity | strZipPostalCode | strCountry | strComputerOs | strOsVersion | strComputerLanguage | strMobileDevice | strModel | strMobileOs | strPassword |
| Andres | Hernandez | andrestest4@gmail.com | May | 10 | 1998 | Spanish | Bogota | 507001 | Colombia | Windows | 10 | Spanish | Motorola | One Fusion | Android 10 | ConTrasena.J1 | [Julian fill [Julian enters 'Andres' into field that contains the first name, Julian enters 'Hernandez' into field that contains the last name, Julian enters 'andrestest4@gmail.com' into field that contains the email, Julian select May on field to select the birth month, Julian select 10 on field to select the birth day, Julian select 1998 on field to select the birth year, Julian clicks on field to select the language, Julian enters 'Spanish' into field to select the language, Julian types 'ENTER' in field to select the language, Julian clicks on button that send us to the next page, Julian enters 'Bogota' into field that contains the city, Julian types 'DOWN' in field that contains the city, Julian types 'ENTER' in field that contains the city, Julian enters '507001' into field that contains the postal code, Julian clicks on button that lead us to the devices' page, Julian clicks on button that removes the completed automatically data from computer section, Julian clicks on button that contains the computer, Julian enters 'Windows' into field that contains the computer, Julian types 'DOWN' in field that contains the computer, Julian types 'ENTER' in field that contains the computer, Julian clicks on button that contains the version, Julian enters '10' into field that contains the version]]]
[Test worker] WARN net.thucydides.core.steps.BaseStepListener - stepStarted: net.thucydides.core.steps.ExecutedStepDescription@65da4cf0
[Test worker] WARN net.thucydides.core.steps.BaseStepListener - stepFinished: current outcome:sign up to utest.com:Example: {strFistName=Andres, strLastName=Hernandez, strEmailAddress=andrestest4@gmail.com, strBirthMonth=May, strBirthDay=10, strBirthYear=1998, strUserLanguage=Spanish, strCity=Bogota, strZipPostalCode=507001, strCountry=Colombia, strComputerOs=Windows, strOsVersion=10, strComputerLanguage=Spanish, strMobileDevice=Motorola, strModel=One Fusion, strMobileOs=Android 10, strPassword=ConTrasena.J1} [Given that julian wants to sign up to utest [Julian open up [Julian opens the Utest page]], When he clicks on the join today button [Julian click on [Julian clicks on button that takes us to the sign up page]], And he introduces his personal data
| strFistName | strLastName | strEmailAddress | strBirthMonth | strBirthDay | strBirthYear | strUserLanguage | strCity | strZipPostalCode | strCountry | strComputerOs | strOsVersion | strComputerLanguage | strMobileDevice | strModel | strMobileOs | strPassword |
| Andres | Hernandez | andrestest4@gmail.com | May | 10 | 1998 | Spanish | Bogota | 507001 | Colombia | Windows | 10 | Spanish | Motorola | One Fusion | Android 10 | ConTrasena.J1 | [Julian fill [Julian enters 'Andres' into field that contains the first name, Julian enters 'Hernandez' into field that contains the last name, Julian enters 'andrestest4@gmail.com' into field that contains the email, Julian select May on field to select the birth month, Julian select 10 on field to select the birth day, Julian select 1998 on field to select the birth year, Julian clicks on field to select the language, Julian enters 'Spanish' into field to select the language, Julian types 'ENTER' in field to select the language, Julian clicks on button that send us to the next page, Julian enters 'Bogota' into field that contains the city, Julian types 'DOWN' in field that contains the city, Julian types 'ENTER' in field that contains the city, Julian enters '507001' into field that contains the postal code, Julian clicks on button that lead us to the devices' page, Julian clicks on button that removes the completed automatically data from computer section, Julian clicks on button that contains the computer, Julian enters 'Windows' into field that contains the computer, Julian types 'DOWN' in field that contains the computer, Julian types 'ENTER' in field that contains the computer, Julian clicks on button that contains the version, Julian enters '10' into field that contains the version, Julian types 'DOWN' in field that contains the version]]]
[Test worker] WARN net.thucydides.core.steps.BaseStepListener - stepStarted: net.thucydides.core.steps.ExecutedStepDescription@46d28511
[Test worker] WARN net.thucydides.core.steps.BaseStepListener - stepFinished: current outcome:sign up to utest.com:Example: {strFistName=Andres, strLastName=Hernandez, strEmailAddress=andrestest4@gmail.com, strBirthMonth=May, strBirthDay=10, strBirthYear=1998, strUserLanguage=Spanish, strCity=Bogota, strZipPostalCode=507001, strCountry=Colombia, strComputerOs=Windows, strOsVersion=10, strComputerLanguage=Spanish, strMobileDevice=Motorola, strModel=One Fusion, strMobileOs=Android 10, strPassword=ConTrasena.J1} [Given that julian wants to sign up to utest [Julian open up [Julian opens the Utest page]], When he clicks on the join today button [Julian click on [Julian clicks on button that takes us to the sign up page]], And he introduces his personal data
| strFistName | strLastName | strEmailAddress | strBirthMonth | strBirthDay | strBirthYear | strUserLanguage | strCity | strZipPostalCode | strCountry | strComputerOs | strOsVersion | strComputerLanguage | strMobileDevice | strModel | strMobileOs | strPassword |
| Andres | Hernandez | andrestest4@gmail.com | May | 10 | 1998 | Spanish | Bogota | 507001 | Colombia | Windows | 10 | Spanish | Motorola | One Fusion | Android 10 | ConTrasena.J1 | [Julian fill [Julian enters 'Andres' into field that contains the first name, Julian enters 'Hernandez' into field that contains the last name, Julian enters 'andrestest4@gmail.com' into field that contains the email, Julian select May on field to select the birth month, Julian select 10 on field to select the birth day, Julian select 1998 on field to select the birth year, Julian clicks on field to select the language, Julian enters 'Spanish' into field to select the language, Julian types 'ENTER' in field to select the language, Julian clicks on button that send us to the next page, Julian enters 'Bogota' into field that contains the city, Julian types 'DOWN' in field that contains the city, Julian types 'ENTER' in field that contains the city, Julian enters '507001' into field that contains the postal code, Julian clicks on button that lead us to the devices' page, Julian clicks on button that removes the completed automatically data from computer section, Julian clicks on button that contains the computer, Julian enters 'Windows' into field that contains the computer, Julian types 'DOWN' in field that contains the computer, Julian types 'ENTER' in field that contains the computer, Julian clicks on button that contains the version, Julian enters '10' into field that contains the version, Julian types 'DOWN' in field that contains the version, Julian types 'ENTER' in field that contains the version]]]
[Test worker] WARN net.thucydides.core.steps.BaseStepListener - stepStarted: net.thucydides.core.steps.ExecutedStepDescription@5a22f547
[Test worker] WARN net.thucydides.core.steps.BaseStepListener - stepFinished: current outcome:sign up to utest.com:Example: {strFistName=Andres, strLastName=Hernandez, strEmailAddress=andrestest4@gmail.com, strBirthMonth=May, strBirthDay=10, strBirthYear=1998, strUserLanguage=Spanish, strCity=Bogota, strZipPostalCode=507001, strCountry=Colombia, strComputerOs=Windows, strOsVersion=10, strComputerLanguage=Spanish, strMobileDevice=Motorola, strModel=One Fusion, strMobileOs=Android 10, strPassword=ConTrasena.J1} [Given that julian wants to sign up to utest [Julian open up [Julian opens the Utest page]], When he clicks on the join today button [Julian click on [Julian clicks on button that takes us to the sign up page]], And he introduces his personal data
| strFistName | strLastName | strEmailAddress | strBirthMonth | strBirthDay | strBirthYear | strUserLanguage | strCity | strZipPostalCode | strCountry | strComputerOs | strOsVersion | strComputerLanguage | strMobileDevice | strModel | strMobileOs | strPassword |
| Andres | Hernandez | andrestest4@gmail.com | May | 10 | 1998 | Spanish | Bogota | 507001 | Colombia | Windows | 10 | Spanish | Motorola | One Fusion | Android 10 | ConTrasena.J1 | [Julian fill [Julian enters 'Andres' into field that contains the first name, Julian enters 'Hernandez' into field that contains the last name, Julian enters 'andrestest4@gmail.com' into field that contains the email, Julian select May on field to select the birth month, Julian select 10 on field to select the birth day, Julian select 1998 on field to select the birth year, Julian clicks on field to select the language, Julian enters 'Spanish' into field to select the language, Julian types 'ENTER' in field to select the language, Julian clicks on button that send us to the next page, Julian enters 'Bogota' into field that contains the city, Julian types 'DOWN' in field that contains the city, Julian types 'ENTER' in field that contains the city, Julian enters '507001' into field that contains the postal code, Julian clicks on button that lead us to the devices' page, Julian clicks on button that removes the completed automatically data from computer section, Julian clicks on button that contains the computer, Julian enters 'Windows' into field that contains the computer, Julian types 'DOWN' in field that contains the computer, Julian types 'ENTER' in field that contains the computer, Julian clicks on button that contains the version, Julian enters '10' into field that contains the version, Julian types 'DOWN' in field that contains the version, Julian types 'ENTER' in field that contains the version, Julian clicks on button that contains the pc language]]]
[Test worker] WARN net.thucydides.core.steps.BaseStepListener - stepStarted: net.thucydides.core.steps.ExecutedStepDescription@292db1f8
[Test worker] WARN net.thucydides.core.steps.BaseStepListener - stepFinished: current outcome:sign up to utest.com:Example: {strFistName=Andres, strLastName=Hernandez, strEmailAddress=andrestest4@gmail.com, strBirthMonth=May, strBirthDay=10, strBirthYear=1998, strUserLanguage=Spanish, strCity=Bogota, strZipPostalCode=507001, strCountry=Colombia, strComputerOs=Windows, strOsVersion=10, strComputerLanguage=Spanish, strMobileDevice=Motorola, strModel=One Fusion, strMobileOs=Android 10, strPassword=ConTrasena.J1} [Given that julian wants to sign up to utest [Julian open up [Julian opens the Utest page]], When he clicks on the join today button [Julian click on [Julian clicks on button that takes us to the sign up page]], And he introduces his personal data
| strFistName | strLastName | strEmailAddress | strBirthMonth | strBirthDay | strBirthYear | strUserLanguage | strCity | strZipPostalCode | strCountry | strComputerOs | strOsVersion | strComputerLanguage | strMobileDevice | strModel | strMobileOs | strPassword |
| Andres | Hernandez | andrestest4@gmail.com | May | 10 | 1998 | Spanish | Bogota | 507001 | Colombia | Windows | 10 | Spanish | Motorola | One Fusion | Android 10 | ConTrasena.J1 | [Julian fill [Julian enters 'Andres' into field that contains the first name, Julian enters 'Hernandez' into field that contains the last name, Julian enters 'andrestest4@gmail.com' into field that contains the email, Julian select May on field to select the birth month, Julian select 10 on field to select the birth day, Julian select 1998 on field to select the birth year, Julian clicks on field to select the language, Julian enters 'Spanish' into field to select the language, Julian types 'ENTER' in field to select the language, Julian clicks on button that send us to the next page, Julian enters 'Bogota' into field that contains the city, Julian types 'DOWN' in field that contains the city, Julian types 'ENTER' in field that contains the city, Julian enters '507001' into field that contains the postal code, Julian clicks on button that lead us to the devices' page, Julian clicks on button that removes the completed automatically data from computer section, Julian clicks on button that contains the computer, Julian enters 'Windows' into field that contains the computer, Julian types 'DOWN' in field that contains the computer, Julian types 'ENTER' in field that contains the computer, Julian clicks on button that contains the version, Julian enters '10' into field that contains the version, Julian types 'DOWN' in field that contains the version, Julian types 'ENTER' in field that contains the version, Julian clicks on button that contains the pc language, Julian enters 'Spanish' into field that contains the pc language]]]
[Test worker] WARN net.thucydides.core.steps.BaseStepListener - stepStarted: net.thucydides.core.steps.ExecutedStepDescription@725174a9
[Test worker] WARN net.thucydides.core.steps.BaseStepListener - stepFinished: current outcome:sign up to utest.com:Example: {strFistName=Andres, strLastName=Hernandez, strEmailAddress=andrestest4@gmail.com, strBirthMonth=May, strBirthDay=10, strBirthYear=1998, strUserLanguage=Spanish, strCity=Bogota, strZipPostalCode=507001, strCountry=Colombia, strComputerOs=Windows, strOsVersion=10, strComputerLanguage=Spanish, strMobileDevice=Motorola, strModel=One Fusion, strMobileOs=Android 10, strPassword=ConTrasena.J1} [Given that julian wants to sign up to utest [Julian open up [Julian opens the Utest page]], When he clicks on the join today button [Julian click on [Julian clicks on button that takes us to the sign up page]], And he introduces his personal data
| strFistName | strLastName | strEmailAddress | strBirthMonth | strBirthDay | strBirthYear | strUserLanguage | strCity | strZipPostalCode | strCountry | strComputerOs | strOsVersion | strComputerLanguage | strMobileDevice | strModel | strMobileOs | strPassword |
| Andres | Hernandez | andrestest4@gmail.com | May | 10 | 1998 | Spanish | Bogota | 507001 | Colombia | Windows | 10 | Spanish | Motorola | One Fusion | Android 10 | ConTrasena.J1 | [Julian fill [Julian enters 'Andres' into field that contains the first name, Julian enters 'Hernandez' into field that contains the last name, Julian enters 'andrestest4@gmail.com' into field that contains the email, Julian select May on field to select the birth month, Julian select 10 on field to select the birth day, Julian select 1998 on field to select the birth year, Julian clicks on field to select the language, Julian enters 'Spanish' into field to select the language, Julian types 'ENTER' in field to select the language, Julian clicks on button that send us to the next page, Julian enters 'Bogota' into field that contains the city, Julian types 'DOWN' in field that contains the city, Julian types 'ENTER' in field that contains the city, Julian enters '507001' into field that contains the postal code, Julian clicks on button that lead us to the devices' page, Julian clicks on button that removes the completed automatically data from computer section, Julian clicks on button that contains the computer, Julian enters 'Windows' into field that contains the computer, Julian types 'DOWN' in field that contains the computer, Julian types 'ENTER' in field that contains the computer, Julian clicks on button that contains the version, Julian enters '10' into field that contains the version, Julian types 'DOWN' in field that contains the version, Julian types 'ENTER' in field that contains the version, Julian clicks on button that contains the pc language, Julian enters 'Spanish' into field that contains the pc language, Julian types 'DOWN' in field that contains the pc language]]]
[Test worker] WARN net.thucydides.core.steps.BaseStepListener - stepStarted: net.thucydides.core.steps.ExecutedStepDescription@1d5f6638
[Test worker] WARN net.thucydides.core.steps.BaseStepListener - stepFinished: current outcome:sign up to utest.com:Example: {strFistName=Andres, strLastName=Hernandez, strEmailAddress=andrestest4@gmail.com, strBirthMonth=May, strBirthDay=10, strBirthYear=1998, strUserLanguage=Spanish, strCity=Bogota, strZipPostalCode=507001, strCountry=Colombia, strComputerOs=Windows, strOsVersion=10, strComputerLanguage=Spanish, strMobileDevice=Motorola, strModel=One Fusion, strMobileOs=Android 10, strPassword=ConTrasena.J1} [Given that julian wants to sign up to utest [Julian open up [Julian opens the Utest page]], When he clicks on the join today button [Julian click on [Julian clicks on button that takes us to the sign up page]], And he introduces his personal data
| strFistName | strLastName | strEmailAddress | strBirthMonth | strBirthDay | strBirthYear | strUserLanguage | strCity | strZipPostalCode | strCountry | strComputerOs | strOsVersion | strComputerLanguage | strMobileDevice | strModel | strMobileOs | strPassword |
| Andres | Hernandez | andrestest4@gmail.com | May | 10 | 1998 | Spanish | Bogota | 507001 | Colombia | Windows | 10 | Spanish | Motorola | One Fusion | Android 10 | ConTrasena.J1 | [Julian fill [Julian enters 'Andres' into field that contains the first name, Julian enters 'Hernandez' into field that contains the last name, Julian enters 'andrestest4@gmail.com' into field that contains the email, Julian select May on field to select the birth month, Julian select 10 on field to select the birth day, Julian select 1998 on field to select the birth year, Julian clicks on field to select the language, Julian enters 'Spanish' into field to select the language, Julian types 'ENTER' in field to select the language, Julian clicks on button that send us to the next page, Julian enters 'Bogota' into field that contains the city, Julian types 'DOWN' in field that contains the city, Julian types 'ENTER' in field that contains the city, Julian enters '507001' into field that contains the postal code, Julian clicks on button that lead us to the devices' page, Julian clicks on button that removes the completed automatically data from computer section, Julian clicks on button that contains the computer, Julian enters 'Windows' into field that contains the computer, Julian types 'DOWN' in field that contains the computer, Julian types 'ENTER' in field that contains the computer, Julian clicks on button that contains the version, Julian enters '10' into field that contains the version, Julian types 'DOWN' in field that contains the version, Julian types 'ENTER' in field that contains the version, Julian clicks on button that contains the pc language, Julian enters 'Spanish' into field that contains the pc language, Julian types 'DOWN' in field that contains the pc language, Julian types 'ENTER' in field that contains the pc language]]]
[Test worker] WARN net.thucydides.core.steps.BaseStepListener - stepStarted: net.thucydides.core.steps.ExecutedStepDescription@3889eb67
[Test worker] WARN net.thucydides.core.steps.BaseStepListener - stepFinished: current outcome:sign up to utest.com:Example: {strFistName=Andres, strLastName=Hernandez, strEmailAddress=andrestest4@gmail.com, strBirthMonth=May, strBirthDay=10, strBirthYear=1998, strUserLanguage=Spanish, strCity=Bogota, strZipPostalCode=507001, strCountry=Colombia, strComputerOs=Windows, strOsVersion=10, strComputerLanguage=Spanish, strMobileDevice=Motorola, strModel=One Fusion, strMobileOs=Android 10, strPassword=ConTrasena.J1} [Given that julian wants to sign up to utest [Julian open up [Julian opens the Utest page]], When he clicks on the join today button [Julian click on [Julian clicks on button that takes us to the sign up page]], And he introduces his personal data
| strFistName | strLastName | strEmailAddress | strBirthMonth | strBirthDay | strBirthYear | strUserLanguage | strCity | strZipPostalCode | strCountry | strComputerOs | strOsVersion | strComputerLanguage | strMobileDevice | strModel | strMobileOs | strPassword |
| Andres | Hernandez | andrestest4@gmail.com | May | 10 | 1998 | Spanish | Bogota | 507001 | Colombia | Windows | 10 | Spanish | Motorola | One Fusion | Android 10 | ConTrasena.J1 | [Julian fill [Julian enters 'Andres' into field that contains the first name, Julian enters 'Hernandez' into field that contains the last name, Julian enters 'andrestest4@gmail.com' into field that contains the email, Julian select May on field to select the birth month, Julian select 10 on field to select the birth day, Julian select 1998 on field to select the birth year, Julian clicks on field to select the language, Julian enters 'Spanish' into field to select the language, Julian types 'ENTER' in field to select the language, Julian clicks on button that send us to the next page, Julian enters 'Bogota' into field that contains the city, Julian types 'DOWN' in field that contains the city, Julian types 'ENTER' in field that contains the city, Julian enters '507001' into field that contains the postal code, Julian clicks on button that lead us to the devices' page, Julian clicks on button that removes the completed automatically data from computer section, Julian clicks on button that contains the computer, Julian enters 'Windows' into field that contains the computer, Julian types 'DOWN' in field that contains the computer, Julian types 'ENTER' in field that contains the computer, Julian clicks on button that contains the version, Julian enters '10' into field that contains the version, Julian types 'DOWN' in field that contains the version, Julian types 'ENTER' in field that contains the version, Julian clicks on button that contains the pc language, Julian enters 'Spanish' into field that contains the pc language, Julian types 'DOWN' in field that contains the pc language, Julian types 'ENTER' in field that contains the pc language, Julian clicks on button that contains the mobile]]]
[Test worker] WARN net.thucydides.core.steps.BaseStepListener - stepStarted: net.thucydides.core.steps.ExecutedStepDescription@75ce0441
[Test worker] WARN net.thucydides.core.steps.BaseStepListener - stepFinished: current outcome:sign up to utest.com:Example: {strFistName=Andres, strLastName=Hernandez, strEmailAddress=andrestest4@gmail.com, strBirthMonth=May, strBirthDay=10, strBirthYear=1998, strUserLanguage=Spanish, strCity=Bogota, strZipPostalCode=507001, strCountry=Colombia, strComputerOs=Windows, strOsVersion=10, strComputerLanguage=Spanish, strMobileDevice=Motorola, strModel=One Fusion, strMobileOs=Android 10, strPassword=ConTrasena.J1} [Given that julian wants to sign up to utest [Julian open up [Julian opens the Utest page]], When he clicks on the join today button [Julian click on [Julian clicks on button that takes us to the sign up page]], And he introduces his personal data
| strFistName | strLastName | strEmailAddress | strBirthMonth | strBirthDay | strBirthYear | strUserLanguage | strCity | strZipPostalCode | strCountry | strComputerOs | strOsVersion | strComputerLanguage | strMobileDevice | strModel | strMobileOs | strPassword |
| Andres | Hernandez | andrestest4@gmail.com | May | 10 | 1998 | Spanish | Bogota | 507001 | Colombia | Windows | 10 | Spanish | Motorola | One Fusion | Android 10 | ConTrasena.J1 | [Julian fill [Julian enters 'Andres' into field that contains the first name, Julian enters 'Hernandez' into field that contains the last name, Julian enters 'andrestest4@gmail.com' into field that contains the email, Julian select May on field to select the birth month, Julian select 10 on field to select the birth day, Julian select 1998 on field to select the birth year, Julian clicks on field to select the language, Julian enters 'Spanish' into field to select the language, Julian types 'ENTER' in field to select the language, Julian clicks on button that send us to the next page, Julian enters 'Bogota' into field that contains the city, Julian types 'DOWN' in field that contains the city, Julian types 'ENTER' in field that contains the city, Julian enters '507001' into field that contains the postal code, Julian clicks on button that lead us to the devices' page, Julian clicks on button that removes the completed automatically data from computer section, Julian clicks on button that contains the computer, Julian enters 'Windows' into field that contains the computer, Julian types 'DOWN' in field that contains the computer, Julian types 'ENTER' in field that contains the computer, Julian clicks on button that contains the version, Julian enters '10' into field that contains the version, Julian types 'DOWN' in field that contains the version, Julian types 'ENTER' in field that contains the version, Julian clicks on button that contains the pc language, Julian enters 'Spanish' into field that contains the pc language, Julian types 'DOWN' in field that contains the pc language, Julian types 'ENTER' in field that contains the pc language, Julian clicks on button that contains the mobile, Julian enters 'Motorola' into field that contains the mobile]]]
[Test worker] WARN net.thucydides.core.steps.BaseStepListener - stepStarted: net.thucydides.core.steps.ExecutedStepDescription@45e881bd
[Test worker] WARN net.thucydides.core.steps.BaseStepListener - stepFinished: current outcome:sign up to utest.com:Example: {strFistName=Andres, strLastName=Hernandez, strEmailAddress=andrestest4@gmail.com, strBirthMonth=May, strBirthDay=10, strBirthYear=1998, strUserLanguage=Spanish, strCity=Bogota, strZipPostalCode=507001, strCountry=Colombia, strComputerOs=Windows, strOsVersion=10, strComputerLanguage=Spanish, strMobileDevice=Motorola, strModel=One Fusion, strMobileOs=Android 10, strPassword=ConTrasena.J1} [Given that julian wants to sign up to utest [Julian open up [Julian opens the Utest page]], When he clicks on the join today button [Julian click on [Julian clicks on button that takes us to the sign up page]], And he introduces his personal data
| strFistName | strLastName | strEmailAddress | strBirthMonth | strBirthDay | strBirthYear | strUserLanguage | strCity | strZipPostalCode | strCountry | strComputerOs | strOsVersion | strComputerLanguage | strMobileDevice | strModel | strMobileOs | strPassword |
| Andres | Hernandez | andrestest4@gmail.com | May | 10 | 1998 | Spanish | Bogota | 507001 | Colombia | Windows | 10 | Spanish | Motorola | One Fusion | Android 10 | ConTrasena.J1 | [Julian fill [Julian enters 'Andres' into field that contains the first name, Julian enters 'Hernandez' into field that contains the last name, Julian enters 'andrestest4@gmail.com' into field that contains the email, Julian select May on field to select the birth month, Julian select 10 on field to select the birth day, Julian select 1998 on field to select the birth year, Julian clicks on field to select the language, Julian enters 'Spanish' into field to select the language, Julian types 'ENTER' in field to select the language, Julian clicks on button that send us to the next page, Julian enters 'Bogota' into field that contains the city, Julian types 'DOWN' in field that contains the city, Julian types 'ENTER' in field that contains the city, Julian enters '507001' into field that contains the postal code, Julian clicks on button that lead us to the devices' page, Julian clicks on button that removes the completed automatically data from computer section, Julian clicks on button that contains the computer, Julian enters 'Windows' into field that contains the computer, Julian types 'DOWN' in field that contains the computer, Julian types 'ENTER' in field that contains the computer, Julian clicks on button that contains the version, Julian enters '10' into field that contains the version, Julian types 'DOWN' in field that contains the version, Julian types 'ENTER' in field that contains the version, Julian clicks on button that contains the pc language, Julian enters 'Spanish' into field that contains the pc language, Julian types 'DOWN' in field that contains the pc language, Julian types 'ENTER' in field that contains the pc language, Julian clicks on button that contains the mobile, Julian enters 'Motorola' into field that contains the mobile, Julian types 'DOWN' in field that contains the mobile]]]
[Test worker] WARN net.thucydides.core.steps.BaseStepListener - stepStarted: net.thucydides.core.steps.ExecutedStepDescription@2e952970
[Test worker] WARN net.thucydides.core.steps.BaseStepListener - stepFinished: current outcome:sign up to utest.com:Example: {strFistName=Andres, strLastName=Hernandez, strEmailAddress=andrestest4@gmail.com, strBirthMonth=May, strBirthDay=10, strBirthYear=1998, strUserLanguage=Spanish, strCity=Bogota, strZipPostalCode=507001, strCountry=Colombia, strComputerOs=Windows, strOsVersion=10, strComputerLanguage=Spanish, strMobileDevice=Motorola, strModel=One Fusion, strMobileOs=Android 10, strPassword=ConTrasena.J1} [Given that julian wants to sign up to utest [Julian open up [Julian opens the Utest page]], When he clicks on the join today button [Julian click on [Julian clicks on button that takes us to the sign up page]], And he introduces his personal data
| strFistName | strLastName | strEmailAddress | strBirthMonth | strBirthDay | strBirthYear | strUserLanguage | strCity | strZipPostalCode | strCountry | strComputerOs | strOsVersion | strComputerLanguage | strMobileDevice | strModel | strMobileOs | strPassword |
[...]
enters 'Bogota' into field that contains the city, Julian types 'DOWN' in field that contains the city, Julian types 'ENTER' in field that contains the city, Julian enters '507001' into field that contains the postal code, Julian clicks on button that lead us to the devices' page, Julian clicks on button that removes the completed automatically data from computer section, Julian clicks on button that contains the computer, Julian enters 'Windows' into field that contains the computer, Julian types 'DOWN' in field that contains the computer, Julian types 'ENTER' in field that contains the computer, Julian clicks on button that contains the version, Julian enters '10' into field that contains the version, Julian types 'DOWN' in field that contains the version, Julian types 'ENTER' in field that contains the version, Julian clicks on button that contains the pc language, Julian enters 'Spanish' into field that contains the pc language, Julian types 'DOWN' in field that contains the pc language, Julian types 'ENTER' in field that contains the pc language, Julian clicks on button that contains the mobile, Julian enters 'Motorola' into field that contains the mobile, Julian types 'DOWN' in field that contains the mobile, Julian types 'ENTER' in field that contains the mobile, Julian clicks on button that contains the mobile model, Julian enters 'One Fusion' into field that contains the mobile model, Julian types 'DOWN' in field that contains the mobile model, Julian types 'ENTER' in field that contains the mobile model, Julian clicks on button that contains the mobile os, Julian enters 'Android 10' into field that contains the mobile os, Julian types 'DOWN' in field that contains the mobile os, Julian types 'ENTER' in field that contains the mobile os, Julian clicks on button that lead us to the last page, Julian enters 'ConTrasena.J1' into input field that contains the password, Julian enters 'ConTrasena.J1' into input field that contains the password confirmation, Julian clicks on checkbox that accept to stay informed, Julian clicks on checkbox that accept the terms an conditions, Julian clicks on checkbox that accept the privacy policy, Julian clicks on button that lead us to complete the sgn up process]]]
[Test worker] WARN net.thucydides.core.steps.BaseStepListener - stepFinished: current outcome:sign up to utest.com:Example: {strFistName=Andres, strLastName=Hernandez, strEmailAddress=andrestest4@gmail.com, strBirthMonth=May, strBirthDay=10, strBirthYear=1998, strUserLanguage=Spanish, strCity=Bogota, strZipPostalCode=507001, strCountry=Colombia, strComputerOs=Windows, strOsVersion=10, strComputerLanguage=Spanish, strMobileDevice=Motorola, strModel=One Fusion, strMobileOs=Android 10, strPassword=ConTrasena.J1} [Given that julian wants to sign up to utest [Julian open up [Julian opens the Utest page]], When he clicks on the join today button [Julian click on [Julian clicks on button that takes us to the sign up page]], And he introduces his personal data
| strFistName | strLastName | strEmailAddress | strBirthMonth | strBirthDay | strBirthYear | strUserLanguage | strCity | strZipPostalCode | strCountry | strComputerOs | strOsVersion | strComputerLanguage | strMobileDevice | strModel | strMobileOs | strPassword |
| Andres | Hernandez | andrestest4@gmail.com | May | 10 | 1998 | Spanish | Bogota | 507001 | Colombia | Windows | 10 | Spanish | Motorola | One Fusion | Android 10 | ConTrasena.J1 | [Julian fill [Julian enters 'Andres' into field that contains the first name, Julian enters 'Hernandez' into field that contains the last name, Julian enters 'andrestest4@gmail.com' into field that contains the email, Julian select May on field to select the birth month, Julian select 10 on field to select the birth day, Julian select 1998 on field to select the birth year, Julian clicks on field to select the language, Julian enters 'Spanish' into field to select the language, Julian types 'ENTER' in field to select the language, Julian clicks on button that send us to the next page, Julian enters 'Bogota' into field that contains the city, Julian types 'DOWN' in field that contains the city, Julian types 'ENTER' in field that contains the city, Julian enters '507001' into field that contains the postal code, Julian clicks on button that lead us to the devices' page, Julian clicks on button that removes the completed automatically data from computer section, Julian clicks on button that contains the computer, Julian enters 'Windows' into field that contains the computer, Julian types 'DOWN' in field that contains the computer, Julian types 'ENTER' in field that contains the computer, Julian clicks on button that contains the version, Julian enters '10' into field that contains the version, Julian types 'DOWN' in field that contains the version, Julian types 'ENTER' in field that contains the version, Julian clicks on button that contains the pc language, Julian enters 'Spanish' into field that contains the pc language, Julian types 'DOWN' in field that contains the pc language, Julian types 'ENTER' in field that contains the pc language, Julian clicks on button that contains the mobile, Julian enters 'Motorola' into field that contains the mobile, Julian types 'DOWN' in field that contains the mobile, Julian types 'ENTER' in field that contains the mobile, Julian clicks on button that contains the mobile model, Julian enters 'One Fusion' into field that contains the mobile model, Julian types 'DOWN' in field that contains the mobile model, Julian types 'ENTER' in field that contains the mobile model, Julian clicks on button that contains the mobile os, Julian enters 'Android 10' into field that contains the mobile os, Julian types 'DOWN' in field that contains the mobile os, Julian types 'ENTER' in field that contains the mobile os, Julian clicks on button that lead us to the last page, Julian enters 'ConTrasena.J1' into input field that contains the password, Julian enters 'ConTrasena.J1' into input field that contains the password confirmation, Julian clicks on checkbox that accept to stay informed, Julian clicks on checkbox that accept the terms an conditions, Julian clicks on checkbox that accept the privacy policy, Julian clicks on button that lead us to complete the sgn up process]]]
[Test worker] WARN net.thucydides.core.steps.BaseStepListener - stepStarted: net.thucydides.core.steps.ExecutedStepDescription@1cd84821
[Test worker] WARN net.thucydides.core.steps.BaseStepListener - stepStarted: net.thucydides.core.steps.ExecutedStepDescription@3cd537ca
[Test worker] WARN net.thucydides.core.steps.BaseStepListener - testFinished: sign up to utest.com:Example: {strFistName=Andres, strLastName=Hernandez, strEmailAddress=andrestest4@gmail.com, strBirthMonth=May, strBirthDay=10, strBirthYear=1998, strUserLanguage=Spanish, strCity=Bogota, strZipPostalCode=507001, strCountry=Colombia, strComputerOs=Windows, strOsVersion=10, strComputerLanguage=Spanish, strMobileDevice=Motorola, strModel=One Fusion, strMobileOs=Android 10, strPassword=ConTrasena.J1} [Given that julian wants to sign up to utest [Julian open up [Julian opens the Utest page]], When he clicks on the join today button [Julian click on [Julian clicks on button that takes us to the sign up page]], And he introduces his personal data
| strFistName | strLastName | strEmailAddress | strBirthMonth | strBirthDay | strBirthYear | strUserLanguage | strCity | strZipPostalCode | strCountry | strComputerOs | strOsVersion | strComputerLanguage | strMobileDevice | strModel | strMobileOs | strPassword |
| Andres | Hernandez | andrestest4@gmail.com | May | 10 | 1998 | Spanish | Bogota | 507001 | Colombia | Windows | 10 | Spanish | Motorola | One Fusion | Android 10 | ConTrasena.J1 | [Julian fill [Julian enters 'Andres' into field that contains the first name, Julian enters 'Hernandez' into field that contains the last name, Julian enters 'andrestest4@gmail.com' into field that contains the email, Julian select May on field to select the birth month, Julian select 10 on field to select the birth day, Julian select 1998 on field to select the birth year, Julian clicks on field to select the language, Julian enters 'Spanish' into field to select the language, Julian types 'ENTER' in field to select the language, Julian clicks on button that send us to the next page, Julian enters 'Bogota' into field that contains the city, Julian types 'DOWN' in field that contains the city, Julian types 'ENTER' in field that contains the city, Julian enters '507001' into field that contains the postal code, Julian clicks on button that lead us to the devices' page, Julian clicks on button that removes the completed automatically data from computer section, Julian clicks on button that contains the computer, Julian enters 'Windows' into field that contains the computer, Julian types 'DOWN' in field that contains the computer, Julian types 'ENTER' in field that contains the computer, Julian clicks on button that contains the version, Julian enters '10' into field that contains the version, Julian types 'DOWN' in field that contains the version, Julian types 'ENTER' in field that contains the version, Julian clicks on button that contains the pc language, Julian enters 'Spanish' into field that contains the pc language, Julian types 'DOWN' in field that contains the pc language, Julian types 'ENTER' in field that contains the pc language, Julian clicks on button that contains the mobile, Julian enters 'Motorola' into field that contains the mobile, Julian types 'DOWN' in field that contains the mobile, Julian types 'ENTER' in field that contains the mobile, Julian clicks on button that contains the mobile model, Julian enters 'One Fusion' into field that contains the mobile model, Julian types 'DOWN' in field that contains the mobile model, Julian types 'ENTER' in field that contains the mobile model, Julian clicks on button that contains the mobile os, Julian enters 'Android 10' into field that contains the mobile os, Julian types 'DOWN' in field that contains the mobile os, Julian types 'ENTER' in field that contains the mobile os, Julian clicks on button that lead us to the last page, Julian enters 'ConTrasena.J1' into input field that contains the password, Julian enters 'ConTrasena.J1' into input field that contains the password confirmation, Julian clicks on checkbox that accept to stay informed, Julian clicks on checkbox that accept the terms an conditions, Julian clicks on checkbox that accept the privacy policy, Julian clicks on button that lead us to complete the sgn up process]], Then the register is complete
| strSuccessfulSignUpMessage |
| Welcome to the world's largest community of freelance software te! | [Then answer]]
[Test worker] WARN net.thucydides.core.steps.BaseStepListener - TestOutcomes: [sign up to utest.com:Example: {strFistName=Andres, strLastName=Hernandez, strEmailAddress=andrestest4@gmail.com, strBirthMonth=May, strBirthDay=10, strBirthYear=1998, strUserLanguage=Spanish, strCity=Bogota, strZipPostalCode=507001, strCountry=Colombia, strComputerOs=Windows, strOsVersion=10, strComputerLanguage=Spanish, strMobileDevice=Motorola, strModel=One Fusion, strMobileOs=Android 10, strPassword=ConTrasena.J1} [Given that julian wants to sign up to utest [Julian open up [Julian opens the Utest page]], When he clicks on the join today button [Julian click on [Julian clicks on button that takes us to the sign up page]], And he introduces his personal data
| strFistName | strLastName | strEmailAddress | strBirthMonth | strBirthDay | strBirthYear | strUserLanguage | strCity | strZipPostalCode | strCountry | strComputerOs | strOsVersion | strComputerLanguage | strMobileDevice | strModel | strMobileOs | strPassword |
| Andres | Hernandez | andrestest4@gmail.com | May | 10 | 1998 | Spanish | Bogota | 507001 | Colombia | Windows | 10 | Spanish | Motorola | One Fusion | Android 10 | ConTrasena.J1 | [Julian fill [Julian enters 'Andres' into field that contains the first name, Julian enters 'Hernandez' into field that contains the last name, Julian enters 'andrestest4@gmail.com' into field that contains the email, Julian select May on field to select the birth month, Julian select 10 on field to select the birth day, Julian select 1998 on field to select the birth year, Julian clicks on field to select the language, Julian enters 'Spanish' into field to select the language, Julian types 'ENTER' in field to select the language, Julian clicks on button that send us to the next page, Julian enters 'Bogota' into field that contains the city, Julian types 'DOWN' in field that contains the city, Julian types 'ENTER' in field that contains the city, Julian enters '507001' into field that contains the postal code, Julian clicks on button that lead us to the devices' page, Julian clicks on button that removes the completed automatically data from computer section, Julian clicks on button that contains the computer, Julian enters 'Windows' into field that contains the computer, Julian types 'DOWN' in field that contains the computer, Julian types 'ENTER' in field that contains the computer, Julian clicks on button that contains the version, Julian enters '10' into field that contains the version, Julian types 'DOWN' in field that contains the version, Julian types 'ENTER' in field that contains the version, Julian clicks on button that contains the pc language, Julian enters 'Spanish' into field that contains the pc language, Julian types 'DOWN' in field that contains the pc language, Julian types 'ENTER' in field that contains the pc language, Julian clicks on button that contains the mobile, Julian enters 'Motorola' into field that contains the mobile, Julian types 'DOWN' in field that contains the mobile, Julian types 'ENTER' in field that contains the mobile, Julian clicks on button that contains the mobile model, Julian enters 'One Fusion' into field that contains the mobile model, Julian types 'DOWN' in field that contains the mobile model, Julian types 'ENTER' in field that contains the mobile model, Julian clicks on button that contains the mobile os, Julian enters 'Android 10' into field that contains the mobile os, Julian types 'DOWN' in field that contains the mobile os, Julian types 'ENTER' in field that contains the mobile os, Julian clicks on button that lead us to the last page, Julian enters 'ConTrasena.J1' into input field that contains the password, Julian enters 'ConTrasena.J1' into input field that contains the password confirmation, Julian clicks on checkbox that accept to stay informed, Julian clicks on checkbox that accept the terms an conditions, Julian clicks on checkbox that accept the privacy policy, Julian clicks on button that lead us to complete the sgn up process]], Then the register is complete
| strSuccessfulSignUpMessage |
| Welcome to the world's largest community of freelance software te! | [Then answer]]]
[Test worker] WARN net.thucydides.core.steps.BaseStepListener - Final testOutcomes: [sign up to utest.com:Example: {strFistName=Andres, strLastName=Hernandez, strEmailAddress=andrestest4@gmail.com, strBirthMonth=May, strBirthDay=10, strBirthYear=1998, strUserLanguage=Spanish, strCity=Bogota, strZipPostalCode=507001, strCountry=Colombia, strComputerOs=Windows, strOsVersion=10, strComputerLanguage=Spanish, strMobileDevice=Motorola, strModel=One Fusion, strMobileOs=Android 10, strPassword=ConTrasena.J1} [Given that julian wants to sign up to utest [Julian open up [Julian opens the Utest page]], When he clicks on the join today button [Julian click on [Julian clicks on button that takes us to the sign up page]], And he introduces his personal data
| strFistName | strLastName | strEmailAddress | strBirthMonth | strBirthDay | strBirthYear | strUserLanguage | strCity | strZipPostalCode | strCountry | strComputerOs | strOsVersion | strComputerLanguage | strMobileDevice | strModel | strMobileOs | strPassword |
| Andres | Hernandez | andrestest4@gmail.com | May | 10 | 1998 | Spanish | Bogota | 507001 | Colombia | Windows | 10 | Spanish | Motorola | One Fusion | Android 10 | ConTrasena.J1 | [Julian fill [Julian enters 'Andres' into field that contains the first name, Julian enters 'Hernandez' into field that contains the last name, Julian enters 'andrestest4@gmail.com' into field that contains the email, Julian select May on field to select the birth month, Julian select 10 on field to select the birth day, Julian select 1998 on field to select the birth year, Julian clicks on field to select the language, Julian enters 'Spanish' into field to select the language, Julian types 'ENTER' in field to select the language, Julian clicks on button that send us to the next page, Julian enters 'Bogota' into field that contains the city, Julian types 'DOWN' in field that contains the city, Julian types 'ENTER' in field that contains the city, Julian enters '507001' into field that contains the postal code, Julian clicks on button that lead us to the devices' page, Julian clicks on button that removes the completed automatically data from computer section, Julian clicks on button that contains the computer, Julian enters 'Windows' into field that contains the computer, Julian types 'DOWN' in field that contains the computer, Julian types 'ENTER' in field that contains the computer, Julian clicks on button that contains the version, Julian enters '10' into field that contains the version, Julian types 'DOWN' in field that contains the version, Julian types 'ENTER' in field that contains the version, Julian clicks on button that contains the pc language, Julian enters 'Spanish' into field that contains the pc language, Julian types 'DOWN' in field that contains the pc language, Julian types 'ENTER' in field that contains the pc language, Julian clicks on button that contains the mobile, Julian enters 'Motorola' into field that contains the mobile, Julian types 'DOWN' in field that contains the mobile, Julian types 'ENTER' in field that contains the mobile, Julian clicks on button that contains the mobile model, Julian enters 'One Fusion' into field that contains the mobile model, Julian types 'DOWN' in field that contains the mobile model, Julian types 'ENTER' in field that contains the mobile model, Julian clicks on button that contains the mobile os, Julian enters 'Android 10' into field that contains the mobile os, Julian types 'DOWN' in field that contains the mobile os, Julian types 'ENTER' in field that contains the mobile os, Julian clicks on button that lead us to the last page, Julian enters 'ConTrasena.J1' into input field that contains the password, Julian enters 'ConTrasena.J1' into input field that contains the password confirmation, Julian clicks on checkbox that accept to stay informed, Julian clicks on checkbox that accept the terms an conditions, Julian clicks on checkbox that accept the privacy policy, Julian clicks on button that lead us to complete the sgn up process]], Then the register is complete
| strSuccessfulSignUpMessage |
| Welcome to the world's largest community of freelance software te! | [Then answer]]]
[Test worker] ERROR net.thucydides.core.steps.ConsoleLoggingListener - 
           __  _____ _____ ____ _____   _____ _    ___ _     _____ ____  
  _       / / |_   _| ____/ ___|_   _| |  ___/ \  |_ _| |   | ____|  _ \ 
 (_)_____| |    | | |  _| \___ \ | |   | |_ / _ \  | || |   |  _| | | | |
  _|_____| |    | | | |___ ___) || |   |  _/ ___ \ | || |___| |___| |_| |
 (_)     | |    |_| |_____|____/ |_|   |_|/_/   \_\___|_____|_____|____/ 
          \_\                                                            

TEST FAILED: sign up to utest.com
--------------------------------------------------------------------------
[Test worker] ERROR net.thucydides.core.steps.ConsoleLoggingListener - TEST FAILED AT STEP Then answer
[Test worker] ERROR net.thucydides.core.steps.ConsoleLoggingListener - Expected answerExpected: is <true> but: was <false>
]]></system-err>
</testsuite>
